<?xml version="1.0" encoding="UTF-8"?>
<testng-results skipped="0" failed="0" ignored="1" total="2" passed="1">
  <reporter-output>
  </reporter-output>
  <suite name="Amazon Test Automation" duration-ms="937" started-at="2019-03-21T12:25:50Z" finished-at="2019-03-21T12:25:51Z">
    <groups>
    </groups>
    <test name="Navigate to Sign In Page Test" duration-ms="6" started-at="2019-03-21T12:25:50Z" finished-at="2019-03-21T12:25:50Z">
    </test> <!-- Navigate to Sign In Page Test -->
    <test name="Change Deliver To Address" duration-ms="891" started-at="2019-03-21T12:25:50Z" finished-at="2019-03-21T12:25:51Z">
      <class name="com.amazon.testcases.ChangeDeliveryAddress">
        <test-method status="PASS" signature="setUp()[pri:0, instance:com.amazon.testcases.ChangeDeliveryAddress@34cd072c]" name="setUp" is-config="true" duration-ms="7967" started-at="2019-03-21T12:25:42Z" finished-at="2019-03-21T12:25:50Z">
          <reporter-output>
          </reporter-output>
        </test-method> <!-- setUp -->
        <test-method status="PASS" signature="changeDeliverTo()[pri:0, instance:com.amazon.testcases.ChangeDeliveryAddress@34cd072c]" name="changeDeliverTo" duration-ms="451" started-at="2019-03-21T12:25:50Z" finished-at="2019-03-21T12:25:51Z">
          <reporter-output>
          </reporter-output>
        </test-method> <!-- changeDeliverTo -->
        <test-method status="PASS" signature="tearDown()[pri:0, instance:com.amazon.testcases.ChangeDeliveryAddress@34cd072c]" name="tearDown" is-config="true" duration-ms="764" started-at="2019-03-21T12:25:51Z" finished-at="2019-03-21T12:25:52Z">
          <reporter-output>
          </reporter-output>
        </test-method> <!-- tearDown -->
      </class> <!-- com.amazon.testcases.ChangeDeliveryAddress -->
    </test> <!-- Change Deliver To Address -->
  </suite> <!-- Amazon Test Automation -->
</testng-results>
