<?xml version="1.0" encoding="UTF-8"?>
<testng-results skipped="0" failed="0" ignored="0" total="1" passed="1">
  <reporter-output>
  </reporter-output>
  <suite name="Default suite" duration-ms="916" started-at="2019-03-15T10:33:35Z" finished-at="2019-03-15T10:33:36Z">
    <groups>
    </groups>
    <test name="Default test" duration-ms="916" started-at="2019-03-15T10:33:35Z" finished-at="2019-03-15T10:33:36Z">
      <class name="com.amazon.testcases.SignInTest">
        <test-method status="PASS" signature="setUp()[pri:0, instance:com.amazon.testcases.SignInTest@57fffcd7]" name="setUp" is-config="true" duration-ms="7501" started-at="2019-03-15T10:33:27Z" finished-at="2019-03-15T10:33:35Z">
          <reporter-output>
          </reporter-output>
        </test-method> <!-- setUp -->
        <test-method status="PASS" signature="signInTest()[pri:0, instance:com.amazon.testcases.SignInTest@57fffcd7]" name="signInTest" duration-ms="892" started-at="2019-03-15T10:33:35Z" finished-at="2019-03-15T10:33:36Z">
          <reporter-output>
          </reporter-output>
        </test-method> <!-- signInTest -->
        <test-method status="PASS" signature="tearDown()[pri:0, instance:com.amazon.testcases.SignInTest@57fffcd7]" name="tearDown" is-config="true" duration-ms="689" started-at="2019-03-15T10:33:36Z" finished-at="2019-03-15T10:33:37Z">
          <reporter-output>
          </reporter-output>
        </test-method> <!-- tearDown -->
      </class> <!-- com.amazon.testcases.SignInTest -->
    </test> <!-- Default test -->
  </suite> <!-- Default suite -->
</testng-results>
